2025-04-08 00:55:35,348 - utils.data_processor - INFO - Загрузка данных из f:\other files\Никитины работы\Honors Track\!!!!! NEURAL NETWORK\WF OPTIMIZER\public\!workspace\data\Normalize_avg.xlsx...
2025-04-08 00:55:35,707 - utils.data_processor - INFO - Успешно загружено 262 записей, 17 признаков
2025-04-08 00:55:35,708 - utils.data_processor - INFO - Начало предобработки данных...
2025-04-08 00:55:35,712 - utils.data_processor - INFO - Обнаружено 2 категориальных признаков
2025-04-08 00:55:35,713 - utils.data_processor - INFO - Разделение данных на train/test...
2025-04-08 00:55:35,716 - utils.data_processor - INFO - Разделение завершено. Train: 235 записей, Test: 27 записей
2025-04-08 00:55:35,716 - __main__ - INFO - Данные успешно загружены и обработаны
2025-04-08 00:55:35,717 - __main__ - INFO - Размер обучающей выборки: 235
2025-04-08 00:55:35,717 - __main__ - INFO - Размер валидационной выборки: 27
2025-04-08 00:55:35,717 - __main__ - INFO - Категориальные признаки: [15, 16]
2025-04-08 00:55:35,718 - model_training - INFO - Начало оптимизации гиперпараметров с помощью Optuna...
2025-04-08 01:00:58,658 - model_training - INFO - Оптимизация завершена. Лучшие параметры:
2025-04-08 01:00:58,659 - model_training - INFO - Начало кросс-валидации (5 фолдов)...
2025-04-08 01:02:52,944 - model_training - INFO - Fold 1: RMSE=0.0343, MAE=0.0287, R2=0.0462, Spearman=0.1473
2025-04-08 01:04:47,092 - model_training - INFO - Fold 2: RMSE=0.0471, MAE=0.0361, R2=0.0006, Spearman=0.0920
2025-04-08 01:06:53,298 - model_training - INFO - Fold 3: RMSE=0.0278, MAE=0.0235, R2=0.2296, Spearman=0.4714
2025-04-08 01:18:44,160 - config - ERROR - Ошибка инициализации конфигурации: 'function' object has no attribute 'info'
2025-04-08 01:20:10,379 - config - ERROR - Ошибка инициализации конфигурации: 'function' object has no attribute 'info'
2025-04-08 01:23:13,415 - config - INFO - Конфигурация загружена. Данные будут браться из: f:\other files\Никитины работы\Honors Track\!!!!! NEURAL NETWORK\WF OPTIMIZER\public\!workspace\data\Normalize_avg.xlsx
2025-04-08 01:23:13,416 - utils.data_processor - INFO - Загрузка данных из f:\other files\Никитины работы\Honors Track\!!!!! NEURAL NETWORK\WF OPTIMIZER\public\!workspace\data\Normalize_avg.xlsx...
2025-04-08 01:23:13,767 - utils.data_processor - INFO - Успешно загружено 262 записей, 17 признаков
2025-04-08 01:23:13,767 - utils.data_processor - INFO - Начало предобработки данных...
2025-04-08 01:23:13,771 - utils.data_processor - INFO - Обнаружено 2 категориальных признаков
2025-04-08 01:23:13,771 - utils.data_processor - INFO - Разделение данных на train/test...
2025-04-08 01:23:13,773 - utils.data_processor - INFO - Разделение завершено. Train: 235 записей, Test: 27 записей
2025-04-08 01:23:13,773 - __main__ - INFO - Данные успешно загружены и обработаны
2025-04-08 01:23:13,773 - __main__ - INFO - Размер обучающей выборки: 235
2025-04-08 01:23:13,773 - __main__ - INFO - Размер валидационной выборки: 27
2025-04-08 01:23:13,774 - __main__ - INFO - Категориальные признаки: [15, 16]
2025-04-08 01:23:13,774 - model_training - INFO - Начало оптимизации гиперпараметров с помощью Optuna...
2025-04-08 01:28:27,886 - model_training - INFO - Оптимизация завершена. Лучшие параметры:
2025-04-08 01:28:27,887 - model_training - INFO - Начало кросс-валидации (5 фолдов)...
